#
# A fatal error has been detected by the Java Runtime Environment:
#
#  Internal Error (javaClasses.cpp:126), pid=7256, tid=7136
#  fatal error: Invalid layout of preloaded class
#
# JRE version:  (8.0_20-b26) (build )
# Java VM: Java HotSpot(TM) Client VM (25.20-b23 mixed mode windows-x86 )
# Failed to write core dump. Minidumps are not enabled by default on client versions of Windows
#
# If you would like to submit a bug report, please visit:
#   http://bugreport.sun.com/bugreport/crash.jsp
#

---------------  T H R E A D  ---------------

Current thread (0x0017cc00):  JavaThread "Unknown thread" [_thread_in_vm, id=7136, stack(0x00e10000,0x00e60000)]

Stack: [0x00e10000,0x00e60000],  sp=0x00e5f2e0,  free space=316k
Native frames: (J=compiled Java code, j=interpreted, Vv=VM code, C=native code)
V  [jvm.dll+0x196ccb]
V  [jvm.dll+0x18fc56]
V  [jvm.dll+0x3b52a]
V  [jvm.dll+0x3b6e0]
V  [jvm.dll+0x4a2a3]
V  [jvm.dll+0x9d44e]
V  [jvm.dll+0x9d712]
V  [jvm.dll+0x144f11]
V  [jvm.dll+0x168e48]
V  [jvm.dll+0xda6d1]
C  [javaw.exe+0x13e4]
C  [javaw.exe+0x1eb7]
C  [javaw.exe+0xaba1]
C  [javaw.exe+0xac2b]
C  [kernel32.dll+0x1338a]
C  [ntdll.dll+0x39f72]
C  [ntdll.dll+0x39f45]
C  0x00000000


---------------  P R O C E S S  ---------------

Java Threads: ( => current thread )

Other Threads:

=>0x0017cc00 (exited) JavaThread "Unknown thread" [_thread_in_vm, id=7136, stack(0x00e10000,0x00e60000)]

VM state:not at safepoint (not fully initialized)

VM Mutex/Monitor currently owned by a thread: None

GC Heap History (0 events):
No events

Deoptimization events (0 events):
No events

Internal exceptions (0 events):
No events

Events (10 events):
Event: 0.116 loading class java/lang/Object
Event: 0.121 loading class java/lang/Object done
Event: 0.121 loading class java/lang/String
Event: 0.121 loading class java/lang/CharSequence
Event: 0.122 loading class java/lang/CharSequence done
Event: 0.122 loading class java/lang/Comparable
Event: 0.122 loading class java/lang/Comparable done
Event: 0.122 loading class java/lang/String done
Event: 0.122 loading class java/lang/Class
Event: 0.123 loading class java/lang/Class done


Dynamic libraries:
0x012a0000 - 0x012d0000 	C:\Program Files (x86)\Java\jre1.8.0_20\bin\javaw.exe
0x77790000 - 0x77910000 	C:\Windows\SysWOW64\ntdll.dll
0x75770000 - 0x75880000 	C:\Windows\syswow64\kernel32.dll
0x77340000 - 0x77387000 	C:\Windows\syswow64\KERNELBASE.dll
0x75550000 - 0x755f0000 	C:\Windows\syswow64\ADVAPI32.dll
0x75190000 - 0x7523c000 	C:\Windows\syswow64\msvcrt.dll
0x75320000 - 0x75339000 	C:\Windows\SysWOW64\sechost.dll
0x76920000 - 0x76a10000 	C:\Windows\syswow64\RPCRT4.dll
0x75130000 - 0x75190000 	C:\Windows\syswow64\SspiCli.dll
0x75120000 - 0x7512c000 	C:\Windows\syswow64\CRYPTBASE.dll
0x77130000 - 0x77230000 	C:\Windows\syswow64\USER32.dll
0x759d0000 - 0x75a60000 	C:\Windows\syswow64\GDI32.dll
0x75340000 - 0x7534a000 	C:\Windows\syswow64\LPK.dll
0x772a0000 - 0x7733d000 	C:\Windows\syswow64\USP10.dll
0x704f0000 - 0x7068e000 	C:\Windows\WinSxS\x86_microsoft.windows.common-controls_6595b64144ccf1df_6.0.7601.17514_none_41e6975e2bd6f2b2\COMCTL32.dll
0x77230000 - 0x77287000 	C:\Windows\syswow64\SHLWAPI.dll
0x756d0000 - 0x75730000 	C:\Windows\system32\IMM32.DLL
0x75240000 - 0x7530c000 	C:\Windows\syswow64\MSCTF.dll
0x72650000 - 0x72688000 	C:\Windows\SysWOW64\nvinit.dll
0x781f0000 - 0x782af000 	C:\Program Files (x86)\Java\jre1.8.0_20\bin\msvcr100.dll
0x6cd30000 - 0x6d0d2000 	C:\Program Files (x86)\Java\jre1.8.0_20\bin\client\jvm.dll
0x73060000 - 0x73067000 	C:\Windows\system32\WSOCK32.dll
0x755f0000 - 0x75625000 	C:\Windows\syswow64\WS2_32.dll
0x75b20000 - 0x75b26000 	C:\Windows\syswow64\NSI.dll
0x723a0000 - 0x723d2000 	C:\Windows\system32\WINMM.dll
0x75630000 - 0x75635000 	C:\Windows\syswow64\PSAPI.DLL
0x6e400000 - 0x6e40c000 	C:\Program Files (x86)\Java\jre1.8.0_20\bin\verify.dll
0x6ccb0000 - 0x6ccd1000 	C:\Program Files (x86)\Java\jre1.8.0_20\bin\java.dll
0x6e340000 - 0x6e353000 	C:\Program Files (x86)\Java\jre1.8.0_20\bin\zip.dll
0x67450000 - 0x6753b000 	C:\Windows\system32\dbghelp.dll

VM Arguments:
jvm_args: -Dfile.encoding=Cp1252 -Xbootclasspath:C:\Program Files (x86)\leJOS NXJ\lib\nxt\classes.jar 
java_command: orientation.OrientationTest
java_class_path (initial): C:\Users\Yarden\Documents\GitHub\DPM\Final Project\bin
Launcher Type: SUN_STANDARD

Environment Variables:
PATH=C:/Program Files (x86)/Java/jre1.8.0_25/bin/client;C:/Program Files (x86)/Java/jre1.8.0_25/bin;C:/Program Files (x86)/Java/jre1.8.0_25/lib/i386;C:\ProgramData\Oracle\Java\javapath;C:\OCaml\emacs-23.3\bin;C:\OCaml\bin;C:\Program Files\Java\jdk1.7.0_11\bin;C:\Program Files (x86)\Windows Kits\8.1\Windows Performance Toolkit\;C:\Program Files\Microsoft SQL Server\110\Tools\Binn\;C:\Program Files (x86)\IVI Foundation\VISA\WinNT\Bin;C:\Program Files (x86)\leJOS NXJ\bin;C:\Program Files\MATLAB\R2014a\runtime\win64;C:\Program Files\MATLAB\R2014a\bin;C:\Program Files\MATLAB\R2014a\polyspace\bin;C:\HashiCorp\Vagrant\bin;C:\Tcl\bin;C:\ProgramData\Oracle\Java\javapath;C:\OCaml\emacs-23.3\bin;C:\OCaml\bin;C:\Program Files\Java\jdk1.7.0_11\bin;C:\Program Files (x86)\Windows Kits\8.1\Windows Performance Toolkit\;C:\Program Files\Microsoft SQL Server\110\Tools\Binn\;C:\Program Files (x86)\IVI Foundation\VISA\WinNT\Bin;C:\Program Files (x86)\leJOS NXJ\bin;C:\Program Files\MATLAB\R2014a\runtime\win64;C:\Program Files\MATLAB\R2014a\bin;C:\Program Files\MATLAB\R2014a\polyspace\bin;C:\HashiCorp\Vagrant\bin;C:\Program Files (x86)\SSH Communications Security\SSH Secure Shell;C:\Users\Yarden\Desktop\eclipse;
USERNAME=Yarden
OS=Windows_NT
PROCESSOR_IDENTIFIER=Intel64 Family 6 Model 58 Stepping 9, GenuineIntel



---------------  S Y S T E M  ---------------

OS: Windows 7 , 64 bit Build 7601 Service Pack 1

CPU:total 8 (4 cores per cpu, 2 threads per core) family 6 model 58 stepping 9, cmov, cx8, fxsr, mmx, sse, sse2, sse3, ssse3, sse4.1, sse4.2, popcnt, avx, aes, clmul, erms, ht, tsc, tscinvbit, tscinv

Memory: 4k page, physical 8288620k(3848664k free), swap 16575376k(11405436k free)

vm_info: Java HotSpot(TM) Client VM (25.20-b23) for windows-x86 JRE (1.8.0_20-b26), built on Jul 30 2014 18:14:41 by "java_re" with MS VC++ 10.0 (VS2010)

time: Sat Nov 15 18:46:29 2014
elapsed time: 0 seconds (0d 0h 0m 0s)

