#
# A fatal error has been detected by the Java Runtime Environment:
#
#  Internal Error (javaClasses.cpp:126), pid=7440, tid=8344
#  fatal error: Invalid layout of preloaded class
#
# JRE version:  (8.0_20-b26) (build )
# Java VM: Java HotSpot(TM) Client VM (25.20-b23 mixed mode windows-x86 )
# Failed to write core dump. Minidumps are not enabled by default on client versions of Windows
#
# If you would like to submit a bug report, please visit:
#   http://bugreport.sun.com/bugreport/crash.jsp
#

---------------  T H R E A D  ---------------

Current thread (0x0030d000):  JavaThread "Unknown thread" [_thread_in_vm, id=8344, stack(0x00aa0000,0x00af0000)]

Stack: [0x00aa0000,0x00af0000],  sp=0x00aefa3c,  free space=318k
Native frames: (J=compiled Java code, j=interpreted, Vv=VM code, C=native code)
V  [jvm.dll+0x196ccb]
V  [jvm.dll+0x18fc56]
V  [jvm.dll+0x3b52a]
V  [jvm.dll+0x3b6e0]
V  [jvm.dll+0x4a2a3]
V  [jvm.dll+0x9d44e]
V  [jvm.dll+0x9d712]
V  [jvm.dll+0x144f11]
V  [jvm.dll+0x168e48]
V  [jvm.dll+0xda6d1]
C  [javaw.exe+0x13e4]
C  [javaw.exe+0x1eb7]
C  [javaw.exe+0xaba1]
C  [javaw.exe+0xac2b]
C  [kernel32.dll+0x1338a]
C  [ntdll.dll+0x39f72]
C  [ntdll.dll+0x39f45]
C  0x00000000


---------------  P R O C E S S  ---------------

Java Threads: ( => current thread )

Other Threads:

=>0x0030d000 (exited) JavaThread "Unknown thread" [_thread_in_vm, id=8344, stack(0x00aa0000,0x00af0000)]

VM state:not at safepoint (not fully initialized)

VM Mutex/Monitor currently owned by a thread: None

GC Heap History (0 events):
No events

Deoptimization events (0 events):
No events

Internal exceptions (0 events):
No events

Events (10 events):
Event: 0.060 loading class java/lang/Object
Event: 0.061 loading class java/lang/Object done
Event: 0.061 loading class java/lang/String
Event: 0.061 loading class java/lang/CharSequence
Event: 0.061 loading class java/lang/CharSequence done
Event: 0.061 loading class java/lang/Comparable
Event: 0.061 loading class java/lang/Comparable done
Event: 0.062 loading class java/lang/String done
Event: 0.062 loading class java/lang/Class
Event: 0.062 loading class java/lang/Class done


Dynamic libraries:
0x00df0000 - 0x00e20000 	C:\Program Files (x86)\Java\jre1.8.0_20\bin\javaw.exe
0x76fe0000 - 0x77160000 	C:\Windows\SysWOW64\ntdll.dll
0x75570000 - 0x75680000 	C:\Windows\syswow64\kernel32.dll
0x75350000 - 0x75397000 	C:\Windows\syswow64\KERNELBASE.dll
0x75060000 - 0x75100000 	C:\Windows\syswow64\ADVAPI32.dll
0x754a0000 - 0x7554c000 	C:\Windows\syswow64\msvcrt.dll
0x74e90000 - 0x74ea9000 	C:\Windows\SysWOW64\sechost.dll
0x74d90000 - 0x74e80000 	C:\Windows\syswow64\RPCRT4.dll
0x74980000 - 0x749e0000 	C:\Windows\syswow64\SspiCli.dll
0x74970000 - 0x7497c000 	C:\Windows\syswow64\CRYPTBASE.dll
0x753a0000 - 0x754a0000 	C:\Windows\syswow64\USER32.dll
0x75680000 - 0x75710000 	C:\Windows\syswow64\GDI32.dll
0x75100000 - 0x7510a000 	C:\Windows\syswow64\LPK.dll
0x74c50000 - 0x74ced000 	C:\Windows\syswow64\USP10.dll
0x738a0000 - 0x73a3e000 	C:\Windows\WinSxS\x86_microsoft.windows.common-controls_6595b64144ccf1df_6.0.7601.17514_none_41e6975e2bd6f2b2\COMCTL32.dll
0x75110000 - 0x75167000 	C:\Windows\syswow64\SHLWAPI.dll
0x75d40000 - 0x75da0000 	C:\Windows\system32\IMM32.DLL
0x75740000 - 0x7580c000 	C:\Windows\syswow64\MSCTF.dll
0x72000000 - 0x72038000 	C:\Windows\SysWOW64\nvinit.dll
0x77ac0000 - 0x77b7f000 	C:\Program Files (x86)\Java\jre1.8.0_20\bin\msvcr100.dll
0x6c910000 - 0x6ccb2000 	C:\Program Files (x86)\Java\jre1.8.0_20\bin\client\jvm.dll
0x72580000 - 0x72587000 	C:\Windows\system32\WSOCK32.dll
0x74b70000 - 0x74ba5000 	C:\Windows\syswow64\WS2_32.dll
0x769f0000 - 0x769f6000 	C:\Windows\syswow64\NSI.dll
0x72140000 - 0x72172000 	C:\Windows\system32\WINMM.dll
0x752f0000 - 0x752f5000 	C:\Windows\syswow64\PSAPI.DLL
0x50180000 - 0x5018c000 	C:\Program Files (x86)\Java\jre1.8.0_20\bin\verify.dll
0x6d3c0000 - 0x6d3e1000 	C:\Program Files (x86)\Java\jre1.8.0_20\bin\java.dll
0x50000000 - 0x50013000 	C:\Program Files (x86)\Java\jre1.8.0_20\bin\zip.dll
0x551b0000 - 0x5529b000 	C:\Windows\system32\dbghelp.dll

VM Arguments:
jvm_args: -Dfile.encoding=Cp1252 -Xbootclasspath:C:\Program Files (x86)\leJOS NXJ\lib\nxt\classes.jar 
java_command: orientation.OrientationTest
java_class_path (initial): C:\Users\Yarden\Documents\GitHub\DPM\Final Project\bin
Launcher Type: SUN_STANDARD

Environment Variables:
PATH=C:/Program Files (x86)/Java/jre1.8.0_25/bin/client;C:/Program Files (x86)/Java/jre1.8.0_25/bin;C:/Program Files (x86)/Java/jre1.8.0_25/lib/i386;C:\ProgramData\Oracle\Java\javapath;C:\OCaml\emacs-23.3\bin;C:\OCaml\bin;C:\Program Files\Java\jdk1.7.0_11\bin;C:\Program Files (x86)\Windows Kits\8.1\Windows Performance Toolkit\;C:\Program Files\Microsoft SQL Server\110\Tools\Binn\;C:\Program Files (x86)\IVI Foundation\VISA\WinNT\Bin;C:\Program Files (x86)\leJOS NXJ\bin;C:\Program Files\MATLAB\R2014a\runtime\win64;C:\Program Files\MATLAB\R2014a\bin;C:\Program Files\MATLAB\R2014a\polyspace\bin;C:\HashiCorp\Vagrant\bin;C:\Program Files (x86)\Git\cmd;C:\Program Files (x86)\Git\bin;C:\Tcl\bin;C:\ProgramData\Oracle\Java\javapath;C:\OCaml\emacs-23.3\bin;C:\OCaml\bin;C:\Program Files\Java\jdk1.7.0_11\bin;C:\Program Files (x86)\Windows Kits\8.1\Windows Performance Toolkit\;C:\Program Files\Microsoft SQL Server\110\Tools\Binn\;C:\Program Files (x86)\IVI Foundation\VISA\WinNT\Bin;C:\Program Files (x86)\leJOS NXJ\bin;C:\Program Files\MATLAB\R2014a\runtime\win64;C:\Program Files\MATLAB\R2014a\bin;C:\Program Files\MATLAB\R2014a\polyspace\bin;C:\HashiCorp\Vagrant\bin;C:\Program Files (x86)\Git\cmd;C:\Program Files (x86)\Git\bin;C:\Program Files (x86)\SSH Communications Security\SSH Secure Shell;C:\Users\Yarden\Desktop\eclipse;
USERNAME=Yarden
OS=Windows_NT
PROCESSOR_IDENTIFIER=Intel64 Family 6 Model 58 Stepping 9, GenuineIntel



---------------  S Y S T E M  ---------------

OS: Windows 7 , 64 bit Build 7601 Service Pack 1

CPU:total 8 (4 cores per cpu, 2 threads per core) family 6 model 58 stepping 9, cmov, cx8, fxsr, mmx, sse, sse2, sse3, ssse3, sse4.1, sse4.2, popcnt, avx, aes, clmul, erms, ht, tsc, tscinvbit, tscinv

Memory: 4k page, physical 8288620k(4346180k free), swap 16575376k(11664352k free)

vm_info: Java HotSpot(TM) Client VM (25.20-b23) for windows-x86 JRE (1.8.0_20-b26), built on Jul 30 2014 18:14:41 by "java_re" with MS VC++ 10.0 (VS2010)

time: Mon Nov 17 16:54:27 2014
elapsed time: 0 seconds (0d 0h 0m 0s)

