#
# A fatal error has been detected by the Java Runtime Environment:
#
#  Internal Error (javaClasses.cpp:139), pid=30386, tid=140401508697856
#  fatal error: Invalid layout of preloaded class
#
# JRE version:  (7.0_65-b32) (build )
# Java VM: OpenJDK 64-Bit Server VM (24.65-b04 mixed mode linux-amd64 compressed oops)
# Failed to write core dump. Core dumps have been disabled. To enable core dumping, try "ulimit -c unlimited" before starting Java again
#
# If you would like to submit a bug report, please include
# instructions on how to reproduce the bug and visit:
#   http://icedtea.classpath.org/bugzilla
#

---------------  T H R E A D  ---------------

Current thread (0x00007fb1bc00a000):  JavaThread "Unknown thread" [_thread_in_vm, id=30392, stack(0x00007fb1c5fd4000,0x00007fb1c60d5000)]

Stack: [0x00007fb1c5fd4000,0x00007fb1c60d5000],  sp=0x00007fb1c60d3900,  free space=1022k
Native frames: (J=compiled Java code, j=interpreted, Vv=VM code, C=native code)
V  [libjvm.so+0x948635]  VMError::report_and_die()+0x175
V  [libjvm.so+0x48b874]  report_fatal(char const*, int, char const*)+0x54
V  [libjvm.so+0x5e89b0]  compute_offset(int&, klassOopDesc*, Symbol*, Symbol*, bool) [clone .constprop.121]+0xc0
V  [libjvm.so+0x5e8a86]  java_lang_String::compute_offsets()+0x36
V  [libjvm.so+0x8ce24c]  SystemDictionary::initialize_preloaded_classes(Thread*)+0xcc
V  [libjvm.so+0x919b38]  Universe::genesis(Thread*)+0x468
V  [libjvm.so+0x91a144]  universe2_init()+0x24
V  [libjvm.so+0x59cf6a]  init_globals()+0x9a
V  [libjvm.so+0x8fcf1f]  Threads::create_vm(JavaVMInitArgs*, bool*)+0x35f
V  [libjvm.so+0x608284]  JNI_CreateJavaVM+0x54
C  [libjli.so+0x2b48]


---------------  P R O C E S S  ---------------

Java Threads: ( => current thread )

Other Threads:

=>0x00007fb1bc00a000 (exited) JavaThread "Unknown thread" [_thread_in_vm, id=30392, stack(0x00007fb1c5fd4000,0x00007fb1c60d5000)]

VM state:not at safepoint (not fully initialized)

VM Mutex/Monitor currently owned by a thread: None

GC Heap History (0 events):
No events

Deoptimization events (0 events):
No events

Internal exceptions (0 events):
No events

Events (10 events):
Event: 0.149 loading class 0x00007fb1c01460d0
Event: 0.150 loading class 0x00007fb1c01460d0 done
Event: 0.150 loading class 0x00007fb1c0146110
Event: 0.150 loading class 0x00007fb1c01466f0
Event: 0.150 loading class 0x00007fb1c01466f0 done
Event: 0.150 loading class 0x00007fb1c014cda0
Event: 0.150 loading class 0x00007fb1c014cda0 done
Event: 0.150 loading class 0x00007fb1c0146110 done
Event: 0.150 loading class 0x00007fb1c01460f0
Event: 0.150 loading class 0x00007fb1c01460f0 done


Dynamic libraries:
00400000-00401000 r-xp 00000000 08:02 27920110                           /usr/lib/jvm/java-7-openjdk-amd64/jre/bin/java
00600000-00601000 r--p 00000000 08:02 27920110                           /usr/lib/jvm/java-7-openjdk-amd64/jre/bin/java
00601000-00602000 rw-p 00001000 08:02 27920110                           /usr/lib/jvm/java-7-openjdk-amd64/jre/bin/java
00cd6000-00cf7000 rw-p 00000000 00:00 0                                  [heap]
bae00000-bc300000 rw-p 00000000 00:00 0 
bc300000-c5400000 rw-p 00000000 00:00 0 
c5400000-c7b00000 rw-p 00000000 00:00 0 
c7b00000-ec680000 rw-p 00000000 00:00 0 
ec680000-eda80000 rw-p 00000000 00:00 0 
eda80000-100000000 rw-p 00000000 00:00 0 
7fb19c000000-7fb19c021000 rw-p 00000000 00:00 0 
7fb19c021000-7fb1a0000000 ---p 00000000 00:00 0 
7fb1a4000000-7fb1a4021000 rw-p 00000000 00:00 0 
7fb1a4021000-7fb1a8000000 ---p 00000000 00:00 0 
7fb1ac000000-7fb1ac021000 rw-p 00000000 00:00 0 
7fb1ac021000-7fb1b0000000 ---p 00000000 00:00 0 
7fb1b4000000-7fb1b4021000 rw-p 00000000 00:00 0 
7fb1b4021000-7fb1b8000000 ---p 00000000 00:00 0 
7fb1b8b9d000-7fb1b9000000 rw-p 00000000 00:00 0 
7fb1b9000000-7fb1b9270000 rwxp 00000000 00:00 0 
7fb1b9270000-7fb1bc054000 rw-p 00000000 00:00 0 
7fb1bc054000-7fb1c0000000 ---p 00000000 00:00 0 
7fb1c00c0000-7fb1c00d0000 r--s 000bf000 08:02 28444166                   /home/michael/work/leJOS_NXJ/lib/nxt/classes.jar
7fb1c00d0000-7fb1c2459000 rw-p 00000000 00:00 0 
7fb1c2459000-7fb1c245a000 ---p 00000000 00:00 0 
7fb1c245a000-7fb1c255a000 rw-p 00000000 00:00 0                          [stack:30396]
7fb1c255a000-7fb1c255b000 ---p 00000000 00:00 0 
7fb1c255b000-7fb1c265b000 rw-p 00000000 00:00 0                          [stack:30395]
7fb1c265b000-7fb1c265c000 ---p 00000000 00:00 0 
7fb1c265c000-7fb1c275c000 rw-p 00000000 00:00 0                          [stack:30394]
7fb1c275c000-7fb1c275d000 ---p 00000000 00:00 0 
7fb1c275d000-7fb1c2868000 rw-p 00000000 00:00 0                          [stack:30393]
7fb1c2868000-7fb1c28b0000 rw-p 00000000 00:00 0 
7fb1c28b0000-7fb1c28c4000 rw-p 00000000 00:00 0 
7fb1c28c4000-7fb1c29ea000 rw-p 00000000 00:00 0 
7fb1c29ea000-7fb1c29f5000 rw-p 00000000 00:00 0 
7fb1c29f5000-7fb1c2a3d000 rw-p 00000000 00:00 0 
7fb1c2a3d000-7fb1c2a51000 rw-p 00000000 00:00 0 
7fb1c2a51000-7fb1c2b76000 rw-p 00000000 00:00 0 
7fb1c2b76000-7fb1c2b81000 rw-p 00000000 00:00 0 
7fb1c2b81000-7fb1c2c13000 rw-p 00000000 00:00 0 
7fb1c2c13000-7fb1c2c14000 rw-p 00000000 00:00 0 
7fb1c2c14000-7fb1c2c1c000 r-xp 00000000 08:02 27920028                   /usr/lib/jvm/java-7-openjdk-amd64/jre/lib/amd64/libzip.so
7fb1c2c1c000-7fb1c2e1b000 ---p 00008000 08:02 27920028                   /usr/lib/jvm/java-7-openjdk-amd64/jre/lib/amd64/libzip.so
7fb1c2e1b000-7fb1c2e1c000 r--p 00007000 08:02 27920028                   /usr/lib/jvm/java-7-openjdk-amd64/jre/lib/amd64/libzip.so
7fb1c2e1c000-7fb1c2e1d000 rw-p 00008000 08:02 27920028                   /usr/lib/jvm/java-7-openjdk-amd64/jre/lib/amd64/libzip.so
7fb1c2e1d000-7fb1c2e28000 r-xp 00000000 08:02 29757358                   /lib/x86_64-linux-gnu/libnss_files-2.19.so
7fb1c2e28000-7fb1c3027000 ---p 0000b000 08:02 29757358                   /lib/x86_64-linux-gnu/libnss_files-2.19.so
7fb1c3027000-7fb1c3028000 r--p 0000a000 08:02 29757358                   /lib/x86_64-linux-gnu/libnss_files-2.19.so
7fb1c3028000-7fb1c3029000 rw-p 0000b000 08:02 29757358                   /lib/x86_64-linux-gnu/libnss_files-2.19.so
7fb1c3029000-7fb1c3034000 r-xp 00000000 08:02 29757368                   /lib/x86_64-linux-gnu/libnss_nis-2.19.so
7fb1c3034000-7fb1c3233000 ---p 0000b000 08:02 29757368                   /lib/x86_64-linux-gnu/libnss_nis-2.19.so
7fb1c3233000-7fb1c3234000 r--p 0000a000 08:02 29757368                   /lib/x86_64-linux-gnu/libnss_nis-2.19.so
7fb1c3234000-7fb1c3235000 rw-p 0000b000 08:02 29757368                   /lib/x86_64-linux-gnu/libnss_nis-2.19.so
7fb1c3235000-7fb1c324c000 r-xp 00000000 08:02 29757352                   /lib/x86_64-linux-gnu/libnsl-2.19.so
7fb1c324c000-7fb1c344b000 ---p 00017000 08:02 29757352                   /lib/x86_64-linux-gnu/libnsl-2.19.so
7fb1c344b000-7fb1c344c000 r--p 00016000 08:02 29757352                   /lib/x86_64-linux-gnu/libnsl-2.19.so
7fb1c344c000-7fb1c344d000 rw-p 00017000 08:02 29757352                   /lib/x86_64-linux-gnu/libnsl-2.19.so
7fb1c344d000-7fb1c344f000 rw-p 00000000 00:00 0 
7fb1c344f000-7fb1c3458000 r-xp 00000000 08:02 29757354                   /lib/x86_64-linux-gnu/libnss_compat-2.19.so
7fb1c3458000-7fb1c3657000 ---p 00009000 08:02 29757354                   /lib/x86_64-linux-gnu/libnss_compat-2.19.so
7fb1c3657000-7fb1c3658000 r--p 00008000 08:02 29757354                   /lib/x86_64-linux-gnu/libnss_compat-2.19.so
7fb1c3658000-7fb1c3659000 rw-p 00009000 08:02 29757354                   /lib/x86_64-linux-gnu/libnss_compat-2.19.so
7fb1c3659000-7fb1c3684000 r-xp 00000000 08:02 27920025                   /usr/lib/jvm/java-7-openjdk-amd64/jre/lib/amd64/libjava.so
7fb1c3684000-7fb1c3884000 ---p 0002b000 08:02 27920025                   /usr/lib/jvm/java-7-openjdk-amd64/jre/lib/amd64/libjava.so
7fb1c3884000-7fb1c3885000 r--p 0002b000 08:02 27920025                   /usr/lib/jvm/java-7-openjdk-amd64/jre/lib/amd64/libjava.so
7fb1c3885000-7fb1c3887000 rw-p 0002c000 08:02 27920025                   /usr/lib/jvm/java-7-openjdk-amd64/jre/lib/amd64/libjava.so
7fb1c3887000-7fb1c3897000 r-xp 00000000 08:02 27920039                   /usr/lib/jvm/java-7-openjdk-amd64/jre/lib/amd64/libverify.so
7fb1c3897000-7fb1c3a96000 ---p 00010000 08:02 27920039                   /usr/lib/jvm/java-7-openjdk-amd64/jre/lib/amd64/libverify.so
7fb1c3a96000-7fb1c3a98000 r--p 0000f000 08:02 27920039                   /usr/lib/jvm/java-7-openjdk-amd64/jre/lib/amd64/libverify.so
7fb1c3a98000-7fb1c3a99000 rw-p 00011000 08:02 27920039                   /usr/lib/jvm/java-7-openjdk-amd64/jre/lib/amd64/libverify.so
7fb1c3a99000-7fb1c3aa0000 r-xp 00000000 08:02 29757411                   /lib/x86_64-linux-gnu/librt-2.19.so
7fb1c3aa0000-7fb1c3c9f000 ---p 00007000 08:02 29757411                   /lib/x86_64-linux-gnu/librt-2.19.so
7fb1c3c9f000-7fb1c3ca0000 r--p 00006000 08:02 29757411                   /lib/x86_64-linux-gnu/librt-2.19.so
7fb1c3ca0000-7fb1c3ca1000 rw-p 00007000 08:02 29757411                   /lib/x86_64-linux-gnu/librt-2.19.so
7fb1c3ca1000-7fb1c3cb7000 r-xp 00000000 08:02 29757310                   /lib/x86_64-linux-gnu/libgcc_s.so.1
7fb1c3cb7000-7fb1c3eb6000 ---p 00016000 08:02 29757310                   /lib/x86_64-linux-gnu/libgcc_s.so.1
7fb1c3eb6000-7fb1c3eb7000 rw-p 00015000 08:02 29757310                   /lib/x86_64-linux-gnu/libgcc_s.so.1
7fb1c3eb7000-7fb1c3fbc000 r-xp 00000000 08:02 29757333                   /lib/x86_64-linux-gnu/libm-2.19.so
7fb1c3fbc000-7fb1c41bb000 ---p 00105000 08:02 29757333                   /lib/x86_64-linux-gnu/libm-2.19.so
7fb1c41bb000-7fb1c41bc000 r--p 00104000 08:02 29757333                   /lib/x86_64-linux-gnu/libm-2.19.so
7fb1c41bc000-7fb1c41bd000 rw-p 00105000 08:02 29757333                   /lib/x86_64-linux-gnu/libm-2.19.so
7fb1c41bd000-7fb1c42a3000 r-xp 00000000 08:02 24781132                   /usr/lib/x86_64-linux-gnu/libstdc++.so.6.0.19
7fb1c42a3000-7fb1c44a2000 ---p 000e6000 08:02 24781132                   /usr/lib/x86_64-linux-gnu/libstdc++.so.6.0.19
7fb1c44a2000-7fb1c44aa000 r--p 000e5000 08:02 24781132                   /usr/lib/x86_64-linux-gnu/libstdc++.so.6.0.19
7fb1c44aa000-7fb1c44ac000 rw-p 000ed000 08:02 24781132                   /usr/lib/x86_64-linux-gnu/libstdc++.so.6.0.19
7fb1c44ac000-7fb1c44c1000 rw-p 00000000 00:00 0 
7fb1c44c1000-7fb1c4fd7000 r-xp 00000000 08:02 27920053                   /usr/lib/jvm/java-7-openjdk-amd64/jre/lib/amd64/server/libjvm.so
7fb1c4fd7000-7fb1c51d6000 ---p 00b16000 08:02 27920053                   /usr/lib/jvm/java-7-openjdk-amd64/jre/lib/amd64/server/libjvm.so
7fb1c51d6000-7fb1c5270000 r--p 00b15000 08:02 27920053                   /usr/lib/jvm/java-7-openjdk-amd64/jre/lib/amd64/server/libjvm.so
7fb1c5270000-7fb1c5293000 rw-p 00baf000 08:02 27920053                   /usr/lib/jvm/java-7-openjdk-amd64/jre/lib/amd64/server/libjvm.so
7fb1c5293000-7fb1c52c1000 rw-p 00000000 00:00 0 
7fb1c52c1000-7fb1c52d9000 r-xp 00000000 08:02 29757446                   /lib/x86_64-linux-gnu/libz.so.1.2.8
7fb1c52d9000-7fb1c54d8000 ---p 00018000 08:02 29757446                   /lib/x86_64-linux-gnu/libz.so.1.2.8
7fb1c54d8000-7fb1c54d9000 r--p 00017000 08:02 29757446                   /lib/x86_64-linux-gnu/libz.so.1.2.8
7fb1c54d9000-7fb1c54da000 rw-p 00018000 08:02 29757446                   /lib/x86_64-linux-gnu/libz.so.1.2.8
7fb1c54da000-7fb1c54f3000 r-xp 00000000 08:02 29757403                   /lib/x86_64-linux-gnu/libpthread-2.19.so
7fb1c54f3000-7fb1c56f2000 ---p 00019000 08:02 29757403                   /lib/x86_64-linux-gnu/libpthread-2.19.so
7fb1c56f2000-7fb1c56f3000 r--p 00018000 08:02 29757403                   /lib/x86_64-linux-gnu/libpthread-2.19.so
7fb1c56f3000-7fb1c56f4000 rw-p 00019000 08:02 29757403                   /lib/x86_64-linux-gnu/libpthread-2.19.so
7fb1c56f4000-7fb1c56f8000 rw-p 00000000 00:00 0 
7fb1c56f8000-7fb1c56fb000 r-xp 00000000 08:02 29757300                   /lib/x86_64-linux-gnu/libdl-2.19.so
7fb1c56fb000-7fb1c58fa000 ---p 00003000 08:02 29757300                   /lib/x86_64-linux-gnu/libdl-2.19.so
7fb1c58fa000-7fb1c58fb000 r--p 00002000 08:02 29757300                   /lib/x86_64-linux-gnu/libdl-2.19.so
7fb1c58fb000-7fb1c58fc000 rw-p 00003000 08:02 29757300                   /lib/x86_64-linux-gnu/libdl-2.19.so
7fb1c58fc000-7fb1c5ab8000 r-xp 00000000 08:02 29757283                   /lib/x86_64-linux-gnu/libc-2.19.so
7fb1c5ab8000-7fb1c5cb7000 ---p 001bc000 08:02 29757283                   /lib/x86_64-linux-gnu/libc-2.19.so
7fb1c5cb7000-7fb1c5cbb000 r--p 001bb000 08:02 29757283                   /lib/x86_64-linux-gnu/libc-2.19.so
7fb1c5cbb000-7fb1c5cbd000 rw-p 001bf000 08:02 29757283                   /lib/x86_64-linux-gnu/libc-2.19.so
7fb1c5cbd000-7fb1c5cc2000 rw-p 00000000 00:00 0 
7fb1c5cc2000-7fb1c5ccf000 r-xp 00000000 08:02 27920059                   /usr/lib/jvm/java-7-openjdk-amd64/jre/lib/amd64/jli/libjli.so
7fb1c5ccf000-7fb1c5ece000 ---p 0000d000 08:02 27920059                   /usr/lib/jvm/java-7-openjdk-amd64/jre/lib/amd64/jli/libjli.so
7fb1c5ece000-7fb1c5ecf000 r--p 0000c000 08:02 27920059                   /usr/lib/jvm/java-7-openjdk-amd64/jre/lib/amd64/jli/libjli.so
7fb1c5ecf000-7fb1c5ed0000 rw-p 0000d000 08:02 27920059                   /usr/lib/jvm/java-7-openjdk-amd64/jre/lib/amd64/jli/libjli.so
7fb1c5ed0000-7fb1c5ef3000 r-xp 00000000 08:02 29757259                   /lib/x86_64-linux-gnu/ld-2.19.so
7fb1c5efe000-7fb1c5f1e000 rw-p 00000000 00:00 0 
7fb1c5f1e000-7fb1c5fd4000 rw-p 00000000 00:00 0 
7fb1c5fd4000-7fb1c5fd7000 ---p 00000000 00:00 0 
7fb1c5fd7000-7fb1c60da000 rw-p 00000000 00:00 0                          [stack:30392]
7fb1c60e4000-7fb1c60e6000 rw-p 00000000 00:00 0 
7fb1c60e6000-7fb1c60ee000 rw-s 00000000 08:02 18350134                   /tmp/hsperfdata_root/30386
7fb1c60ee000-7fb1c60ef000 rw-p 00000000 00:00 0 
7fb1c60ef000-7fb1c60f0000 r--p 00000000 00:00 0 
7fb1c60f0000-7fb1c60f2000 rw-p 00000000 00:00 0 
7fb1c60f2000-7fb1c60f3000 r--p 00022000 08:02 29757259                   /lib/x86_64-linux-gnu/ld-2.19.so
7fb1c60f3000-7fb1c60f4000 rw-p 00023000 08:02 29757259                   /lib/x86_64-linux-gnu/ld-2.19.so
7fb1c60f4000-7fb1c60f5000 rw-p 00000000 00:00 0 
7fff2e8d6000-7fff2e8f7000 rw-p 00000000 00:00 0                          [stack]
7fff2e9fe000-7fff2ea00000 r-xp 00000000 00:00 0                          [vdso]
ffffffffff600000-ffffffffff601000 r-xp 00000000 00:00 0                  [vsyscall]

VM Arguments:
jvm_args: -Dfile.encoding=UTF-8 -Xbootclasspath:/home/michael/work/leJOS_NXJ/lib/nxt/classes.jar 
java_command: Lab1
Launcher Type: SUN_STANDARD

Environment Variables:
PATH=/usr/local/sbin:/usr/local/bin:/usr/sbin:/usr/bin:/sbin:/bin
USERNAME=root
SHELL=/bin/bash
DISPLAY=:0

Signal Handlers:
SIGSEGV: [libjvm.so+0x949110], sa_mask[0]=0x7ffbfeff, sa_flags=0x10000004
SIGBUS: [libjvm.so+0x949110], sa_mask[0]=0x7ffbfeff, sa_flags=0x10000004
SIGFPE: [libjvm.so+0x7c2e80], sa_mask[0]=0x7ffbfeff, sa_flags=0x10000004
SIGPIPE: [libjvm.so+0x7c2e80], sa_mask[0]=0x7ffbfeff, sa_flags=0x10000004
SIGXFSZ: [libjvm.so+0x7c2e80], sa_mask[0]=0x7ffbfeff, sa_flags=0x10000004
SIGILL: [libjvm.so+0x7c2e80], sa_mask[0]=0x7ffbfeff, sa_flags=0x10000004
SIGUSR1: SIG_DFL, sa_mask[0]=0x00000000, sa_flags=0x00000000
SIGUSR2: [libjvm.so+0x7c2d20], sa_mask[0]=0x00000004, sa_flags=0x10000004
SIGHUP: SIG_DFL, sa_mask[0]=0x00000000, sa_flags=0x00000000
SIGINT: SIG_DFL, sa_mask[0]=0x00000000, sa_flags=0x00000000
SIGTERM: SIG_DFL, sa_mask[0]=0x00000000, sa_flags=0x00000000
SIGQUIT: SIG_DFL, sa_mask[0]=0x00000000, sa_flags=0x00000000
SIGTRAP: SIG_DFL, sa_mask[0]=0x00000000, sa_flags=0x00000000


---------------  S Y S T E M  ---------------

OS:Ubuntu 14.04 (trusty)
uname:Linux 3.13.0-24-generic #47-Ubuntu SMP Fri May 2 23:30:00 UTC 2014 x86_64
libc:glibc 2.19 NPTL 2.19 
rlimit: STACK 8192k, CORE 0k, NPROC 29856, NOFILE 4096, AS infinity
load average:0.05 0.07 0.14

/proc/meminfo:
MemTotal:        3843124 kB
MemFree:          576292 kB
Buffers:           87656 kB
Cached:          1520376 kB
SwapCached:           48 kB
Active:          1734692 kB
Inactive:        1278100 kB
Active(anon):    1078296 kB
Inactive(anon):   647080 kB
Active(file):     656396 kB
Inactive(file):   631020 kB
Unevictable:          32 kB
Mlocked:              32 kB
SwapTotal:       3998716 kB
SwapFree:        3991752 kB
Dirty:               104 kB
Writeback:             0 kB
AnonPages:       1404932 kB
Mapped:           241988 kB
Shmem:            320460 kB
Slab:             147320 kB
SReclaimable:     113048 kB
SUnreclaim:        34272 kB
KernelStack:        4152 kB
PageTables:        37032 kB
NFS_Unstable:          0 kB
Bounce:                0 kB
WritebackTmp:          0 kB
CommitLimit:     5920276 kB
Committed_AS:    4970024 kB
VmallocTotal:   34359738367 kB
VmallocUsed:      545572 kB
VmallocChunk:   34359157516 kB
HardwareCorrupted:     0 kB
AnonHugePages:    532480 kB
HugePages_Total:       0
HugePages_Free:        0
HugePages_Rsvd:        0
HugePages_Surp:        0
Hugepagesize:       2048 kB
DirectMap4k:       80128 kB
DirectMap2M:     3907584 kB


CPU:total 4 (2 cores per cpu, 2 threads per core) family 6 model 37 stepping 5, cmov, cx8, fxsr, mmx, sse, sse2, sse3, ssse3, sse4.1, sse4.2, popcnt, ht, tsc, tscinvbit

/proc/cpuinfo:
processor	: 0
vendor_id	: GenuineIntel
cpu family	: 6
model		: 37
model name	: Intel(R) Core(TM) i5 CPU       M 460  @ 2.53GHz
stepping	: 5
microcode	: 0x2
cpu MHz		: 1733.000
cache size	: 3072 KB
physical id	: 0
siblings	: 4
core id		: 0
cpu cores	: 2
apicid		: 0
initial apicid	: 0
fpu		: yes
fpu_exception	: yes
cpuid level	: 11
wp		: yes
flags		: fpu vme de pse tsc msr pae mce cx8 apic sep mtrr pge mca cmov pat pse36 clflush dts acpi mmx fxsr sse sse2 ss ht tm pbe syscall nx rdtscp lm constant_tsc arch_perfmon pebs bts rep_good nopl xtopology nonstop_tsc aperfmperf pni dtes64 monitor ds_cpl vmx est tm2 ssse3 cx16 xtpr pdcm pcid sse4_1 sse4_2 popcnt lahf_lm ida arat dtherm tpr_shadow vnmi flexpriority ept vpid
bogomips	: 5054.76
clflush size	: 64
cache_alignment	: 64
address sizes	: 36 bits physical, 48 bits virtual
power management:

processor	: 1
vendor_id	: GenuineIntel
cpu family	: 6
model		: 37
model name	: Intel(R) Core(TM) i5 CPU       M 460  @ 2.53GHz
stepping	: 5
microcode	: 0x2
cpu MHz		: 1199.000
cache size	: 3072 KB
physical id	: 0
siblings	: 4
core id		: 0
cpu cores	: 2
apicid		: 1
initial apicid	: 1
fpu		: yes
fpu_exception	: yes
cpuid level	: 11
wp		: yes
flags		: fpu vme de pse tsc msr pae mce cx8 apic sep mtrr pge mca cmov pat pse36 clflush dts acpi mmx fxsr sse sse2 ss ht tm pbe syscall nx rdtscp lm constant_tsc arch_perfmon pebs bts rep_good nopl xtopology nonstop_tsc aperfmperf pni dtes64 monitor ds_cpl vmx est tm2 ssse3 cx16 xtpr pdcm pcid sse4_1 sse4_2 popcnt lahf_lm ida arat dtherm tpr_shadow vnmi flexpriority ept vpid
bogomips	: 5054.76
clflush size	: 64
cache_alignment	: 64
address sizes	: 36 bits physical, 48 bits virtual
power management:

processor	: 2
vendor_id	: GenuineIntel
cpu family	: 6
model		: 37
model name	: Intel(R) Core(TM) i5 CPU       M 460  @ 2.53GHz
stepping	: 5
microcode	: 0x2
cpu MHz		: 2534.000
cache size	: 3072 KB
physical id	: 0
siblings	: 4
core id		: 2
cpu cores	: 2
apicid		: 4
initial apicid	: 4
fpu		: yes
fpu_exception	: yes
cpuid level	: 11
wp		: yes
flags		: fpu vme de pse tsc msr pae mce cx8 apic sep mtrr pge mca cmov pat pse36 clflush dts acpi mmx fxsr sse sse2 ss ht tm pbe syscall nx rdtscp lm constant_tsc arch_perfmon pebs bts rep_good nopl xtopology nonstop_tsc aperfmperf pni dtes64 monitor ds_cpl vmx est tm2 ssse3 cx16 xtpr pdcm pcid sse4_1 sse4_2 popcnt lahf_lm ida arat dtherm tpr_shadow vnmi flexpriority ept vpid
bogomips	: 5054.76
clflush size	: 64
cache_alignment	: 64
address sizes	: 36 bits physical, 48 bits virtual
power management:

processor	: 3
vendor_id	: GenuineIntel
cpu family	: 6
model		: 37
model name	: Intel(R) Core(TM) i5 CPU       M 460  @ 2.53GHz
stepping	: 5
microcode	: 0x2
cpu MHz		: 1199.000
cache size	: 3072 KB
physical id	: 0
siblings	: 4
core id		: 2
cpu cores	: 2
apicid		: 5
initial apicid	: 5
fpu		: yes
fpu_exception	: yes
cpuid level	: 11
wp		: yes
flags		: fpu vme de pse tsc msr pae mce cx8 apic sep mtrr pge mca cmov pat pse36 clflush dts acpi mmx fxsr sse sse2 ss ht tm pbe syscall nx rdtscp lm constant_tsc arch_perfmon pebs bts rep_good nopl xtopology nonstop_tsc aperfmperf pni dtes64 monitor ds_cpl vmx est tm2 ssse3 cx16 xtpr pdcm pcid sse4_1 sse4_2 popcnt lahf_lm ida arat dtherm tpr_shadow vnmi flexpriority ept vpid
bogomips	: 5054.76
clflush size	: 64
cache_alignment	: 64
address sizes	: 36 bits physical, 48 bits virtual
power management:



Memory: 4k page, physical 3843124k(576292k free), swap 3998716k(3991752k free)

vm_info: OpenJDK 64-Bit Server VM (24.65-b04) for linux-amd64 JRE (1.7.0_65-b32), built on Aug 23 2014 13:33:31 by "buildd" with gcc 4.8.2

time: Sat Sep 13 00:43:08 2014
elapsed time: 0 seconds

