#
# A fatal error has been detected by the Java Runtime Environment:
#
#  Internal Error (javaClasses.cpp:139), pid=2989, tid=139865940862720
#  fatal error: Invalid layout of preloaded class
#
# JRE version:  (7.0_65-b32) (build )
# Java VM: OpenJDK 64-Bit Server VM (24.65-b04 mixed mode linux-amd64 compressed oops)
# Failed to write core dump. Core dumps have been disabled. To enable core dumping, try "ulimit -c unlimited" before starting Java again
#
# If you would like to submit a bug report, please include
# instructions on how to reproduce the bug and visit:
#   http://icedtea.classpath.org/bugzilla
#

---------------  T H R E A D  ---------------

Current thread (0x00007f350c00a000):  JavaThread "Unknown thread" [_thread_in_vm, id=2995, stack(0x00007f3513a8a000,0x00007f3513b8b000)]

Stack: [0x00007f3513a8a000,0x00007f3513b8b000],  sp=0x00007f3513b89900,  free space=1022k
Native frames: (J=compiled Java code, j=interpreted, Vv=VM code, C=native code)
V  [libjvm.so+0x948635]  VMError::report_and_die()+0x175
V  [libjvm.so+0x48b874]  report_fatal(char const*, int, char const*)+0x54
V  [libjvm.so+0x5e89b0]  compute_offset(int&, klassOopDesc*, Symbol*, Symbol*, bool) [clone .constprop.121]+0xc0
V  [libjvm.so+0x5e8a86]  java_lang_String::compute_offsets()+0x36
V  [libjvm.so+0x8ce24c]  SystemDictionary::initialize_preloaded_classes(Thread*)+0xcc
V  [libjvm.so+0x919b38]  Universe::genesis(Thread*)+0x468
V  [libjvm.so+0x91a144]  universe2_init()+0x24
V  [libjvm.so+0x59cf6a]  init_globals()+0x9a
V  [libjvm.so+0x8fcf1f]  Threads::create_vm(JavaVMInitArgs*, bool*)+0x35f
V  [libjvm.so+0x608284]  JNI_CreateJavaVM+0x54
C  [libjli.so+0x2b48]


---------------  P R O C E S S  ---------------

Java Threads: ( => current thread )

Other Threads:

=>0x00007f350c00a000 (exited) JavaThread "Unknown thread" [_thread_in_vm, id=2995, stack(0x00007f3513a8a000,0x00007f3513b8b000)]

VM state:not at safepoint (not fully initialized)

VM Mutex/Monitor currently owned by a thread: None

GC Heap History (0 events):
No events

Deoptimization events (0 events):
No events

Internal exceptions (0 events):
No events

Events (10 events):
Event: 0.265 loading class 0x00007f35069c30d0
Event: 0.273 loading class 0x00007f35069c30d0 done
Event: 0.273 loading class 0x00007f35069c3110
Event: 0.273 loading class 0x00007f35069c36f0
Event: 0.273 loading class 0x00007f35069c36f0 done
Event: 0.273 loading class 0x00007f35069c9da0
Event: 0.273 loading class 0x00007f35069c9da0 done
Event: 0.273 loading class 0x00007f35069c3110 done
Event: 0.273 loading class 0x00007f35069c30f0
Event: 0.274 loading class 0x00007f35069c30f0 done


Dynamic libraries:
00400000-00401000 r-xp 00000000 08:02 27920110                           /usr/lib/jvm/java-7-openjdk-amd64/jre/bin/java
00600000-00601000 r--p 00000000 08:02 27920110                           /usr/lib/jvm/java-7-openjdk-amd64/jre/bin/java
00601000-00602000 rw-p 00001000 08:02 27920110                           /usr/lib/jvm/java-7-openjdk-amd64/jre/bin/java
00b0c000-00b2d000 rw-p 00000000 00:00 0                                  [heap]
bae00000-bc300000 rw-p 00000000 00:00 0 
bc300000-c5400000 rw-p 00000000 00:00 0 
c5400000-c7b00000 rw-p 00000000 00:00 0 
c7b00000-ec680000 rw-p 00000000 00:00 0 
ec680000-eda80000 rw-p 00000000 00:00 0 
eda80000-100000000 rw-p 00000000 00:00 0 
7f34f4000000-7f34f4021000 rw-p 00000000 00:00 0 
7f34f4021000-7f34f8000000 ---p 00000000 00:00 0 
7f34f8000000-7f34f8021000 rw-p 00000000 00:00 0 
7f34f8021000-7f34fc000000 ---p 00000000 00:00 0 
7f34fc000000-7f34fc021000 rw-p 00000000 00:00 0 
7f34fc021000-7f3500000000 ---p 00000000 00:00 0 
7f3500000000-7f3500021000 rw-p 00000000 00:00 0 
7f3500021000-7f3504000000 ---p 00000000 00:00 0 
7f3506713000-7f3508eff000 rw-p 00000000 00:00 0 
7f3508eff000-7f3508f00000 ---p 00000000 00:00 0 
7f3508f00000-7f3509000000 rw-p 00000000 00:00 0                          [stack:2999]
7f3509000000-7f3509270000 rwxp 00000000 00:00 0 
7f3509270000-7f350c054000 rw-p 00000000 00:00 0 
7f350c054000-7f3510000000 ---p 00000000 00:00 0 
7f3510000000-7f3510010000 r--s 000bf000 08:02 28444166                   /home/michael/work/leJOS_NXJ/lib/nxt/classes.jar
7f3510010000-7f3510011000 ---p 00000000 00:00 0 
7f3510011000-7f3510111000 rw-p 00000000 00:00 0                          [stack:2998]
7f3510111000-7f3510112000 ---p 00000000 00:00 0 
7f3510112000-7f3510212000 rw-p 00000000 00:00 0                          [stack:2997]
7f3510212000-7f3510213000 ---p 00000000 00:00 0 
7f3510213000-7f351031e000 rw-p 00000000 00:00 0                          [stack:2996]
7f351031e000-7f3510366000 rw-p 00000000 00:00 0 
7f3510366000-7f351037a000 rw-p 00000000 00:00 0 
7f351037a000-7f35104a0000 rw-p 00000000 00:00 0 
7f35104a0000-7f35104ab000 rw-p 00000000 00:00 0 
7f35104ab000-7f35104f3000 rw-p 00000000 00:00 0 
7f35104f3000-7f3510507000 rw-p 00000000 00:00 0 
7f3510507000-7f351062c000 rw-p 00000000 00:00 0 
7f351062c000-7f3510637000 rw-p 00000000 00:00 0 
7f3510637000-7f35106c9000 rw-p 00000000 00:00 0 
7f35106c9000-7f35106ca000 rw-p 00000000 00:00 0 
7f35106ca000-7f35106d2000 r-xp 00000000 08:02 27920028                   /usr/lib/jvm/java-7-openjdk-amd64/jre/lib/amd64/libzip.so
7f35106d2000-7f35108d1000 ---p 00008000 08:02 27920028                   /usr/lib/jvm/java-7-openjdk-amd64/jre/lib/amd64/libzip.so
7f35108d1000-7f35108d2000 r--p 00007000 08:02 27920028                   /usr/lib/jvm/java-7-openjdk-amd64/jre/lib/amd64/libzip.so
7f35108d2000-7f35108d3000 rw-p 00008000 08:02 27920028                   /usr/lib/jvm/java-7-openjdk-amd64/jre/lib/amd64/libzip.so
7f35108d3000-7f35108de000 r-xp 00000000 08:02 29757358                   /lib/x86_64-linux-gnu/libnss_files-2.19.so
7f35108de000-7f3510add000 ---p 0000b000 08:02 29757358                   /lib/x86_64-linux-gnu/libnss_files-2.19.so
7f3510add000-7f3510ade000 r--p 0000a000 08:02 29757358                   /lib/x86_64-linux-gnu/libnss_files-2.19.so
7f3510ade000-7f3510adf000 rw-p 0000b000 08:02 29757358                   /lib/x86_64-linux-gnu/libnss_files-2.19.so
7f3510adf000-7f3510aea000 r-xp 00000000 08:02 29757368                   /lib/x86_64-linux-gnu/libnss_nis-2.19.so
7f3510aea000-7f3510ce9000 ---p 0000b000 08:02 29757368                   /lib/x86_64-linux-gnu/libnss_nis-2.19.so
7f3510ce9000-7f3510cea000 r--p 0000a000 08:02 29757368                   /lib/x86_64-linux-gnu/libnss_nis-2.19.so
7f3510cea000-7f3510ceb000 rw-p 0000b000 08:02 29757368                   /lib/x86_64-linux-gnu/libnss_nis-2.19.so
7f3510ceb000-7f3510d02000 r-xp 00000000 08:02 29757352                   /lib/x86_64-linux-gnu/libnsl-2.19.so
7f3510d02000-7f3510f01000 ---p 00017000 08:02 29757352                   /lib/x86_64-linux-gnu/libnsl-2.19.so
7f3510f01000-7f3510f02000 r--p 00016000 08:02 29757352                   /lib/x86_64-linux-gnu/libnsl-2.19.so
7f3510f02000-7f3510f03000 rw-p 00017000 08:02 29757352                   /lib/x86_64-linux-gnu/libnsl-2.19.so
7f3510f03000-7f3510f05000 rw-p 00000000 00:00 0 
7f3510f05000-7f3510f0e000 r-xp 00000000 08:02 29757354                   /lib/x86_64-linux-gnu/libnss_compat-2.19.so
7f3510f0e000-7f351110d000 ---p 00009000 08:02 29757354                   /lib/x86_64-linux-gnu/libnss_compat-2.19.so
7f351110d000-7f351110e000 r--p 00008000 08:02 29757354                   /lib/x86_64-linux-gnu/libnss_compat-2.19.so
7f351110e000-7f351110f000 rw-p 00009000 08:02 29757354                   /lib/x86_64-linux-gnu/libnss_compat-2.19.so
7f351110f000-7f351113a000 r-xp 00000000 08:02 27920025                   /usr/lib/jvm/java-7-openjdk-amd64/jre/lib/amd64/libjava.so
7f351113a000-7f351133a000 ---p 0002b000 08:02 27920025                   /usr/lib/jvm/java-7-openjdk-amd64/jre/lib/amd64/libjava.so
7f351133a000-7f351133b000 r--p 0002b000 08:02 27920025                   /usr/lib/jvm/java-7-openjdk-amd64/jre/lib/amd64/libjava.so
7f351133b000-7f351133d000 rw-p 0002c000 08:02 27920025                   /usr/lib/jvm/java-7-openjdk-amd64/jre/lib/amd64/libjava.so
7f351133d000-7f351134d000 r-xp 00000000 08:02 27920039                   /usr/lib/jvm/java-7-openjdk-amd64/jre/lib/amd64/libverify.so
7f351134d000-7f351154c000 ---p 00010000 08:02 27920039                   /usr/lib/jvm/java-7-openjdk-amd64/jre/lib/amd64/libverify.so
7f351154c000-7f351154e000 r--p 0000f000 08:02 27920039                   /usr/lib/jvm/java-7-openjdk-amd64/jre/lib/amd64/libverify.so
7f351154e000-7f351154f000 rw-p 00011000 08:02 27920039                   /usr/lib/jvm/java-7-openjdk-amd64/jre/lib/amd64/libverify.so
7f351154f000-7f3511556000 r-xp 00000000 08:02 29757411                   /lib/x86_64-linux-gnu/librt-2.19.so
7f3511556000-7f3511755000 ---p 00007000 08:02 29757411                   /lib/x86_64-linux-gnu/librt-2.19.so
7f3511755000-7f3511756000 r--p 00006000 08:02 29757411                   /lib/x86_64-linux-gnu/librt-2.19.so
7f3511756000-7f3511757000 rw-p 00007000 08:02 29757411                   /lib/x86_64-linux-gnu/librt-2.19.so
7f3511757000-7f351176d000 r-xp 00000000 08:02 29757310                   /lib/x86_64-linux-gnu/libgcc_s.so.1
7f351176d000-7f351196c000 ---p 00016000 08:02 29757310                   /lib/x86_64-linux-gnu/libgcc_s.so.1
7f351196c000-7f351196d000 rw-p 00015000 08:02 29757310                   /lib/x86_64-linux-gnu/libgcc_s.so.1
7f351196d000-7f3511a72000 r-xp 00000000 08:02 29757333                   /lib/x86_64-linux-gnu/libm-2.19.so
7f3511a72000-7f3511c71000 ---p 00105000 08:02 29757333                   /lib/x86_64-linux-gnu/libm-2.19.so
7f3511c71000-7f3511c72000 r--p 00104000 08:02 29757333                   /lib/x86_64-linux-gnu/libm-2.19.so
7f3511c72000-7f3511c73000 rw-p 00105000 08:02 29757333                   /lib/x86_64-linux-gnu/libm-2.19.so
7f3511c73000-7f3511d59000 r-xp 00000000 08:02 24781132                   /usr/lib/x86_64-linux-gnu/libstdc++.so.6.0.19
7f3511d59000-7f3511f58000 ---p 000e6000 08:02 24781132                   /usr/lib/x86_64-linux-gnu/libstdc++.so.6.0.19
7f3511f58000-7f3511f60000 r--p 000e5000 08:02 24781132                   /usr/lib/x86_64-linux-gnu/libstdc++.so.6.0.19
7f3511f60000-7f3511f62000 rw-p 000ed000 08:02 24781132                   /usr/lib/x86_64-linux-gnu/libstdc++.so.6.0.19
7f3511f62000-7f3511f77000 rw-p 00000000 00:00 0 
7f3511f77000-7f3512a8d000 r-xp 00000000 08:02 27920053                   /usr/lib/jvm/java-7-openjdk-amd64/jre/lib/amd64/server/libjvm.so
7f3512a8d000-7f3512c8c000 ---p 00b16000 08:02 27920053                   /usr/lib/jvm/java-7-openjdk-amd64/jre/lib/amd64/server/libjvm.so
7f3512c8c000-7f3512d26000 r--p 00b15000 08:02 27920053                   /usr/lib/jvm/java-7-openjdk-amd64/jre/lib/amd64/server/libjvm.so
7f3512d26000-7f3512d49000 rw-p 00baf000 08:02 27920053                   /usr/lib/jvm/java-7-openjdk-amd64/jre/lib/amd64/server/libjvm.so
7f3512d49000-7f3512d77000 rw-p 00000000 00:00 0 
7f3512d77000-7f3512d8f000 r-xp 00000000 08:02 29757446                   /lib/x86_64-linux-gnu/libz.so.1.2.8
7f3512d8f000-7f3512f8e000 ---p 00018000 08:02 29757446                   /lib/x86_64-linux-gnu/libz.so.1.2.8
7f3512f8e000-7f3512f8f000 r--p 00017000 08:02 29757446                   /lib/x86_64-linux-gnu/libz.so.1.2.8
7f3512f8f000-7f3512f90000 rw-p 00018000 08:02 29757446                   /lib/x86_64-linux-gnu/libz.so.1.2.8
7f3512f90000-7f3512fa9000 r-xp 00000000 08:02 29757403                   /lib/x86_64-linux-gnu/libpthread-2.19.so
7f3512fa9000-7f35131a8000 ---p 00019000 08:02 29757403                   /lib/x86_64-linux-gnu/libpthread-2.19.so
7f35131a8000-7f35131a9000 r--p 00018000 08:02 29757403                   /lib/x86_64-linux-gnu/libpthread-2.19.so
7f35131a9000-7f35131aa000 rw-p 00019000 08:02 29757403                   /lib/x86_64-linux-gnu/libpthread-2.19.so
7f35131aa000-7f35131ae000 rw-p 00000000 00:00 0 
7f35131ae000-7f35131b1000 r-xp 00000000 08:02 29757300                   /lib/x86_64-linux-gnu/libdl-2.19.so
7f35131b1000-7f35133b0000 ---p 00003000 08:02 29757300                   /lib/x86_64-linux-gnu/libdl-2.19.so
7f35133b0000-7f35133b1000 r--p 00002000 08:02 29757300                   /lib/x86_64-linux-gnu/libdl-2.19.so
7f35133b1000-7f35133b2000 rw-p 00003000 08:02 29757300                   /lib/x86_64-linux-gnu/libdl-2.19.so
7f35133b2000-7f351356e000 r-xp 00000000 08:02 29757283                   /lib/x86_64-linux-gnu/libc-2.19.so
7f351356e000-7f351376d000 ---p 001bc000 08:02 29757283                   /lib/x86_64-linux-gnu/libc-2.19.so
7f351376d000-7f3513771000 r--p 001bb000 08:02 29757283                   /lib/x86_64-linux-gnu/libc-2.19.so
7f3513771000-7f3513773000 rw-p 001bf000 08:02 29757283                   /lib/x86_64-linux-gnu/libc-2.19.so
7f3513773000-7f3513778000 rw-p 00000000 00:00 0 
7f3513778000-7f3513785000 r-xp 00000000 08:02 27920059                   /usr/lib/jvm/java-7-openjdk-amd64/jre/lib/amd64/jli/libjli.so
7f3513785000-7f3513984000 ---p 0000d000 08:02 27920059                   /usr/lib/jvm/java-7-openjdk-amd64/jre/lib/amd64/jli/libjli.so
7f3513984000-7f3513985000 r--p 0000c000 08:02 27920059                   /usr/lib/jvm/java-7-openjdk-amd64/jre/lib/amd64/jli/libjli.so
7f3513985000-7f3513986000 rw-p 0000d000 08:02 27920059                   /usr/lib/jvm/java-7-openjdk-amd64/jre/lib/amd64/jli/libjli.so
7f3513986000-7f35139a9000 r-xp 00000000 08:02 29757259                   /lib/x86_64-linux-gnu/ld-2.19.so
7f35139b4000-7f35139d4000 rw-p 00000000 00:00 0 
7f35139d4000-7f3513a8a000 rw-p 00000000 00:00 0 
7f3513a8a000-7f3513a8d000 ---p 00000000 00:00 0 
7f3513a8d000-7f3513b90000 rw-p 00000000 00:00 0                          [stack:2995]
7f3513b9a000-7f3513b9c000 rw-p 00000000 00:00 0 
7f3513b9c000-7f3513ba4000 rw-s 00000000 08:02 18350124                   /tmp/hsperfdata_root/2989
7f3513ba4000-7f3513ba5000 rw-p 00000000 00:00 0 
7f3513ba5000-7f3513ba6000 r--p 00000000 00:00 0 
7f3513ba6000-7f3513ba8000 rw-p 00000000 00:00 0 
7f3513ba8000-7f3513ba9000 r--p 00022000 08:02 29757259                   /lib/x86_64-linux-gnu/ld-2.19.so
7f3513ba9000-7f3513baa000 rw-p 00023000 08:02 29757259                   /lib/x86_64-linux-gnu/ld-2.19.so
7f3513baa000-7f3513bab000 rw-p 00000000 00:00 0 
7fff54cf0000-7fff54d11000 rw-p 00000000 00:00 0                          [stack]
7fff54dfe000-7fff54e00000 r-xp 00000000 00:00 0                          [vdso]
ffffffffff600000-ffffffffff601000 r-xp 00000000 00:00 0                  [vsyscall]

VM Arguments:
jvm_args: -Dfile.encoding=UTF-8 -Xbootclasspath:/home/michael/work/leJOS_NXJ/lib/nxt/classes.jar 
java_command: main.Lab3
Launcher Type: SUN_STANDARD

Environment Variables:
PATH=/usr/local/sbin:/usr/local/bin:/usr/sbin:/usr/bin:/sbin:/bin
USERNAME=root
SHELL=/bin/bash
DISPLAY=:0

Signal Handlers:
SIGSEGV: [libjvm.so+0x949110], sa_mask[0]=0x7ffbfeff, sa_flags=0x10000004
SIGBUS: [libjvm.so+0x949110], sa_mask[0]=0x7ffbfeff, sa_flags=0x10000004
SIGFPE: [libjvm.so+0x7c2e80], sa_mask[0]=0x7ffbfeff, sa_flags=0x10000004
SIGPIPE: [libjvm.so+0x7c2e80], sa_mask[0]=0x7ffbfeff, sa_flags=0x10000004
SIGXFSZ: [libjvm.so+0x7c2e80], sa_mask[0]=0x7ffbfeff, sa_flags=0x10000004
SIGILL: [libjvm.so+0x7c2e80], sa_mask[0]=0x7ffbfeff, sa_flags=0x10000004
SIGUSR1: SIG_DFL, sa_mask[0]=0x00000000, sa_flags=0x00000000
SIGUSR2: [libjvm.so+0x7c2d20], sa_mask[0]=0x00000004, sa_flags=0x10000004
SIGHUP: SIG_DFL, sa_mask[0]=0x00000000, sa_flags=0x00000000
SIGINT: SIG_DFL, sa_mask[0]=0x00000000, sa_flags=0x00000000
SIGTERM: SIG_DFL, sa_mask[0]=0x00000000, sa_flags=0x00000000
SIGQUIT: SIG_DFL, sa_mask[0]=0x00000000, sa_flags=0x00000000
SIGTRAP: SIG_DFL, sa_mask[0]=0x00000000, sa_flags=0x00000000


---------------  S Y S T E M  ---------------

OS:Ubuntu 14.04 (trusty)
uname:Linux 3.13.0-24-generic #47-Ubuntu SMP Fri May 2 23:30:00 UTC 2014 x86_64
libc:glibc 2.19 NPTL 2.19 
rlimit: STACK 8192k, CORE 0k, NPROC 29856, NOFILE 4096, AS infinity
load average:0.15 0.14 0.19

/proc/meminfo:
MemTotal:        3843124 kB
MemFree:         1807792 kB
Buffers:           58760 kB
Cached:           804016 kB
SwapCached:            0 kB
Active:          1214912 kB
Inactive:         664496 kB
Active(anon):    1018104 kB
Inactive(anon):   228504 kB
Active(file):     196808 kB
Inactive(file):   435992 kB
Unevictable:          32 kB
Mlocked:              32 kB
SwapTotal:       3998716 kB
SwapFree:        3998716 kB
Dirty:               104 kB
Writeback:             0 kB
AnonPages:       1017264 kB
Mapped:           231616 kB
Shmem:            229428 kB
Slab:              65508 kB
SReclaimable:      38032 kB
SUnreclaim:        27476 kB
KernelStack:        3640 kB
PageTables:        32016 kB
NFS_Unstable:          0 kB
Bounce:                0 kB
WritebackTmp:          0 kB
CommitLimit:     5920276 kB
Committed_AS:    3968140 kB
VmallocTotal:   34359738367 kB
VmallocUsed:      545476 kB
VmallocChunk:   34359184860 kB
HardwareCorrupted:     0 kB
AnonHugePages:    485376 kB
HugePages_Total:       0
HugePages_Free:        0
HugePages_Rsvd:        0
HugePages_Surp:        0
Hugepagesize:       2048 kB
DirectMap4k:       65792 kB
DirectMap2M:     3921920 kB


CPU:total 4 (2 cores per cpu, 2 threads per core) family 6 model 37 stepping 5, cmov, cx8, fxsr, mmx, sse, sse2, sse3, ssse3, sse4.1, sse4.2, popcnt, ht, tsc, tscinvbit

/proc/cpuinfo:
processor	: 0
vendor_id	: GenuineIntel
cpu family	: 6
model		: 37
model name	: Intel(R) Core(TM) i5 CPU       M 460  @ 2.53GHz
stepping	: 5
microcode	: 0x2
cpu MHz		: 1199.000
cache size	: 3072 KB
physical id	: 0
siblings	: 4
core id		: 0
cpu cores	: 2
apicid		: 0
initial apicid	: 0
fpu		: yes
fpu_exception	: yes
cpuid level	: 11
wp		: yes
flags		: fpu vme de pse tsc msr pae mce cx8 apic sep mtrr pge mca cmov pat pse36 clflush dts acpi mmx fxsr sse sse2 ss ht tm pbe syscall nx rdtscp lm constant_tsc arch_perfmon pebs bts rep_good nopl xtopology nonstop_tsc aperfmperf pni dtes64 monitor ds_cpl vmx est tm2 ssse3 cx16 xtpr pdcm pcid sse4_1 sse4_2 popcnt lahf_lm ida arat dtherm tpr_shadow vnmi flexpriority ept vpid
bogomips	: 5054.88
clflush size	: 64
cache_alignment	: 64
address sizes	: 36 bits physical, 48 bits virtual
power management:

processor	: 1
vendor_id	: GenuineIntel
cpu family	: 6
model		: 37
model name	: Intel(R) Core(TM) i5 CPU       M 460  @ 2.53GHz
stepping	: 5
microcode	: 0x2
cpu MHz		: 1199.000
cache size	: 3072 KB
physical id	: 0
siblings	: 4
core id		: 0
cpu cores	: 2
apicid		: 1
initial apicid	: 1
fpu		: yes
fpu_exception	: yes
cpuid level	: 11
wp		: yes
flags		: fpu vme de pse tsc msr pae mce cx8 apic sep mtrr pge mca cmov pat pse36 clflush dts acpi mmx fxsr sse sse2 ss ht tm pbe syscall nx rdtscp lm constant_tsc arch_perfmon pebs bts rep_good nopl xtopology nonstop_tsc aperfmperf pni dtes64 monitor ds_cpl vmx est tm2 ssse3 cx16 xtpr pdcm pcid sse4_1 sse4_2 popcnt lahf_lm ida arat dtherm tpr_shadow vnmi flexpriority ept vpid
bogomips	: 5054.88
clflush size	: 64
cache_alignment	: 64
address sizes	: 36 bits physical, 48 bits virtual
power management:

processor	: 2
vendor_id	: GenuineIntel
cpu family	: 6
model		: 37
model name	: Intel(R) Core(TM) i5 CPU       M 460  @ 2.53GHz
stepping	: 5
microcode	: 0x2
cpu MHz		: 1466.000
cache size	: 3072 KB
physical id	: 0
siblings	: 4
core id		: 2
cpu cores	: 2
apicid		: 4
initial apicid	: 4
fpu		: yes
fpu_exception	: yes
cpuid level	: 11
wp		: yes
flags		: fpu vme de pse tsc msr pae mce cx8 apic sep mtrr pge mca cmov pat pse36 clflush dts acpi mmx fxsr sse sse2 ss ht tm pbe syscall nx rdtscp lm constant_tsc arch_perfmon pebs bts rep_good nopl xtopology nonstop_tsc aperfmperf pni dtes64 monitor ds_cpl vmx est tm2 ssse3 cx16 xtpr pdcm pcid sse4_1 sse4_2 popcnt lahf_lm ida arat dtherm tpr_shadow vnmi flexpriority ept vpid
bogomips	: 5054.88
clflush size	: 64
cache_alignment	: 64
address sizes	: 36 bits physical, 48 bits virtual
power management:StackStack: [0x00007f3513a8a000,0x00007f3513b8b000],  sp=0x00007f3513b89900,  free space=1022k
Native frames: (J=compiled Java code, j=interpreted, Vv=VM code, C=native code)
V  [libjvm.so+0x948635]  VMError::report_and_die()+0x175
V  [libjvm.so+0x48b874]  report_fatal(char const*, int, char const*)+0x54
V  [libjvm.so+0x5e89b0]  compute_offset(int&, klassOopDesc*, Symbol*, Symbol*, bool) [clone .constprop.121]+0xc0
V  [libjvm.so+0x5e8a86]  java_lang_String::compute_offsets()+0x36
V  [libjvm.so+0x8ce24c]  SystemDictionary::initialize_preloaded_classes(Thread*)+0xcc
V  [libjvm.so+0x919b38]  Universe::genesis(Thread*)+0x468
V  [libjvm.so+0x91a144]  universe2_init()+0x24
V  [libjvm.so+0x59cf6a]  init_globals()+0x9a
V  [libjvm.so+0x8fcf1f]  Threads::create_vm(JavaVMInitArgs*, bool*)+0x35f
V  [libjvm.so+0x608284]  JNI_CStack: [0x00007f3513a8a000,0x00007f3513b8b000],  sp=0x00007f3513b89900,  free space=1022k
Native frames: (J=compiled Java code, j=interpreted, Vv=VM code, C=native code)
V  [libjvm.so+0x948635]  VMError::report_and_die()+0x175
V  [libjvm.so+0x48b874]  report_fatal(char const*, int, char const*)+0x54
V  [libjvm.so+0x5e89b0]  compute_offset(int&, klassOopDesc*, Symbol*, Symbol*, bool) [clone .constprop.121]+0xc0
V  [libjvm.so+0x5e8a86]  java_lang_String::compute_offsets()+0x36
V  [libjvm.so+0x8ce24c]  SystemDictionary::initialize_preloaded_classes(Thread*)+0xcc
V  [libjvm.so+0x919b38]  Universe::genesis(Thread*)+0x468
V  [libjvm.so+0x91a144]  universe2_init()+0x24
V  [libjvm.so+0x59cf6a]  init_globals()+0x9a
V  [libjvm.so+0x8fcf1f]  Threads::create_vm(JavaVMInitArgs*, bool*)+0x35f
V  [libjvm.so+0x608284]  JNI_CStack: [0x00007f3513a8a000,0x00007f3513b8b000],  sp=0x00007f3513b89900,  free space=1022k
Native frames: (J=compiled Java code, j=interpreted, Vv=VM code, C=native code)
V  [libjvm.so+0x948635]  VMError::report_and_die()+0x175
V  [libjvm.so+0x48b874]  report_fatal(char const*, int, char const*)+0x54
V  [libjvm.so+0x5e89b0]  compute_offset(int&, klassOopDesc*, Symbol*, Symbol*, bool) [clone .constprop.121]+0xc0
V  [libjvm.so+0x5e8a86]  java_lang_String::compute_offsets()+0x36
V  [libjvm.so+0x8ce24c]  SystemDictionary::initialize_preloaded_classes(Thread*)+0xcc
V  [libjvm.so+0x919b38]  Universe::genesis(Thread*)+0x468
V  [libjvm.so+0x91a144]  universe2_init()+0x24
V  [libjvm.so+0x59cf6a]  init_globals()+0x9a
V  [libjvm.so+0x8fcf1f]  Threads::create_vm(JavaVMInitArgs*, bool*)+0x35f
V  [libjvm.so+0x608284]  JNI_CStack: [0x00007f3513a8a000,0x00007f3513b8b000],  sp=0x00007f3513b89900,  free space=1022k
Native frames: (J=compiled Java code, j=interpreted, Vv=VM code, C=native code)
V  [libjvm.so+0x948635]  VMError::report_and_die()+0x175
V  [libjvm.so+0x48b874]  report_fatal(char const*, int, char const*)+0x54
V  [libjvm.so+0x5e89b0]  compute_offset(int&, klassOopDesc*, Symbol*, Symbol*, bool) [clone .constprop.121]+0xc0
V  [libjvm.so+0x5e8a86]  java_lang_String::compute_offsets()+0x36
V  [libjvm.so+0x8ce24c]  SystemDictionary::initialize_preloaded_classes(Thread*)+0xcc
V  [libjvm.so+0x919b38]  Universe::genesis(Thread*)+0x468
V  [libjvm.so+0x91a144]  universe2_init()+0x24
V  [libjvm.so+0x59cf6a]  init_globals()+0x9a
V  [libjvm.so+0x8fcf1f]  Threads::create_vm(JavaVMInitArgs*, bool*)+0x35f
V  [libjvm.so+0x608284]  JNI_CStack: [0x00007f3513a8a000,0x00007f3513b8b000],  sp=0x00007f3513b89900,  free space=1022k
Native frames: (J=compiled Java code, j=interpreted, Vv=VM code, C=native code)
V  [libjvm.so+0x948635]  VMError::report_and_die()+0x175
V  [libjvm.so+0x48b874]  report_fatal(char const*, int, char const*)+0x54
V  [libjvm.so+0x5e89b0]  compute_offset(int&, klassOopDesc*, Symbol*, Symbol*, bool) [clone .constprop.121]+0xc0
V  [libjvm.so+0x5e8a86]  java_lang_String::compute_offsets()+0x36
V  [libjvm.so+0x8ce24c]  SystemDictionary::initialize_preloaded_classes(Thread*)+0xcc
V  [libjvm.so+0x919b38]  Universe::genesis(Thread*)+0x468
V  [libjvm.so+0x91a144]  universe2_init()+0x24
V  [libjvm.so+0x59cf6a]  init_globals()+0x9a
V  [libjvm.so+0x8fcf1f]  Threads::create_vm(JavaVMInitArgs*, bool*)+0x35f
V  [libjvm.so+0x608284]  JNI_CStack: [0x00007f3513a8a000,0x00007f3513b8b000],  sp=0x00007f3513b89900,  free space=1022k
Native frames: (J=compiled Java code, j=interpreted, Vv=VM code, C=native code)
V  [libjvm.so+0x948635]  VMError::report_and_die()+0x175
V  [libjvm.so+0x48b874]  report_fatal(char const*, int, char const*)+0x54
V  [libjvm.so+0x5e89b0]  compute_offset(int&, klassOopDesc*, Symbol*, Symbol*, bool) [clone .constprop.121]+0xc0
V  [libjvm.so+0x5e8a86]  java_lang_String::compute_offsets()+0x36
V  [libjvm.so+0x8ce24c]  SystemDictionary::initialize_preloaded_classes(Thread*)+0xcc
V  [libjvm.so+0x919b38]  Universe::genesis(Thread*)+0x468
V  [libjvm.so+0x91a144]  universe2_init()+0x24
V  [libjvm.so+0x59cf6a]  init_globals()+0x9a
V  [libjvm.so+0x8fcf1f]  Threads::create_vm(JavaVMInitArgs*, bool*)+0x35f
V  [libjvm.so+0x608284]  JNI_CStack: [0x00007f3513a8a000,0x00007f3513b8b000],  sp=0x00007f3513b89900,  free space=1022k
Native frames: (J=compiled Java code, j=interpreted, Vv=VM code, C=native code)
V  [libjvm.so+0x948635]  VMError::report_and_die()+0x175
V  [libjvm.so+0x48b874]  report_fatal(char const*, int, char const*)+0x54
V  [libjvm.so+0x5e89b0]  compute_offset(int&, klassOopDesc*, Symbol*, Symbol*, bool) [clone .constprop.121]+0xc0
V  [libjvm.so+0x5e8a86]  java_lang_String::compute_offsets()+0x36
V  [libjvm.so+0x8ce24c]  SystemDictionary::initialize_preloaded_classes(Thread*)+0xcc
V  [libjvm.so+0x919b38]  Universe::genesis(Thread*)+0x468
V  [libjvm.so+0x91a144]  universe2_init()+0x24
V  [libjvm.so+0x59cf6a]  init_globals()+0x9a
V  [libjvm.so+0x8fcf1f]  Threads::create_vm(JavaVMInitArgs*, bool*)+0x35f
V  [libjvm.so+0x608284]  JNI_CreateJavaVM+0x54
C  [libjli.so+0x2b48]reateJavaVM+0x54
C  [libjli.so+0x2b48]reateJavaVM+0x54
C  [libjli.so+0x2b48]reateJavaVM+0x54
C  [libjli.so+0x2b48]reateJavaVM+0x54
C  [libjli.so+0x2b48]reateJavaVM+0x54
C  [libjli.so+0x2b48]reateJavaVM+0x54
C  [libjli.so+0x2b48]Stack: [0x00007f3513a8a000,0x00007f3513b8b000],  sp=0x00007f3513b89900,  free space=1022k
Native frames: (J=compiled Java code, j=interpreted, Vv=VM code, C=native code)
V  [libjvm.so+0x948635]  VMError::report_and_die()+0x175
V  [libjvm.so+0x48b874]  report_fatal(char const*, int, char const*)+0x54
V  [libjvm.so+0x5e89b0]  compute_offset(int&, klassOopDesc*, Symbol*, Symbol*, bool) [clone .constprop.121]+0xc0
V  [libjvm.so+0x5e8a86]  java_lang_String::compute_offsets()+0x36
V  [libjvm.so+0x8ce24c]  SystemDictionary::initialize_preloaded_classes(Thread*)+0xcc
V  [libjvm.so+0x919b38]  Universe::genesis(Thread*)+0x468
V  [libjvm.so+0x91a144]  universe2_init()+0x24
V  [libjvm.so+0x59cf6a]  init_globals()+0x9a
V  [libjvm.so+0x8fcf1f]  Threads::create_vm(JavaVMInitArgs*, bool*)+0x35f
V  [libjvm.so+0x608284]  JNI_CreateJavaVM+0x54
C  [libjli.so+0x2b48]Stack: [0x00007f3513a8a000,0x00007f3513b8b000],  sp=0x00007f3513b89900,  free space=1022k
Native frames: (J=compiled Java code, j=interpreted, Vv=VM code, C=native code)
V  [libjvm.so+0x948635]  VMError::report_and_die()+0x175
V  [libjvm.so+0x48b874]  report_fatal(char const*, int, char const*)+0x54
V  [libjvm.so+0x5e89b0]  compute_offset(int&, klassOopDesc*, Symbol*, Symbol*, bool) [clone .constprop.121]+0xc0
V  [libjvm.so+0x5e8a86]  java_lang_String::compute_offsets()+0x36
V  [libjvm.so+0x8ce24c]  SystemDictionary::initialize_preloaded_classes(Thread*)+0xcc
V  [libjvm.so+0x919b38]  Universe::genesis(Thread*)+0x468
V  [libjvm.so+0x91a144]  universe2_init()+0x24
V  [libjvm.so+0x59cf6a]  init_globals()+0x9a
V  [libjvm.so+0x8fcf1f]  Threads::create_vm(JavaVMInitArgs*, bool*)+0x35f
V  [libjvm.so+0x608284]  JNI_CreateJavaVM+0x54
C  [libjli.so+0x2b48]Stack: [0x00007f3513a8a000,0x00007f3513b8b000],  sp=0x00007f3513b89900,  free space=1022k
Native frames: (J=compiled Java code, j=interpreted, Vv=VM code, C=native code)
V  [libjvm.so+0x948635]  VMError::report_and_die()+0x175
V  [libjvm.so+0x48b874]  report_fatal(char const*, int, char const*)+0x54
V  [libjvm.so+0x5e89b0]  compute_offset(int&, klassOopDesc*, Symbol*, Symbol*, bool) [clone .constprop.121]+0xc0
V  [libjvm.so+0x5e8a86]  java_lang_String::compute_offsets()+0x36
V  [libjvm.so+0x8ce24c]  SystemDictionary::initialize_preloaded_classes(Thread*)+0xcc
V  [libjvm.so+0x919b38]  Universe::genesis(Thread*)+0x468
V  [libjvm.so+0x91a144]  universe2_init()+0x24
V  [libjvm.so+0x59cf6a]  init_globals()+0x9a
V  [libjvm.so+0x8fcf1f]  Threads::create_vm(JavaVMInitArgs*, bool*)+0x35f
V  [libjvm.so+0x608284]  JNI_CreateJavaVM+0x54
C  [libjli.so+0x2b48]Stack: [0x00007f3513a8a000,0x00007f3513b8b000],  sp=0x00007f3513b89900,  free space=1022k
Native frames: (J=compiled Java code, j=interpreted, Vv=VM code, C=native code)
V  [libjvm.so+0x948635]  VMError::report_and_die()+0x175
V  [libjvm.so+0x48b874]  report_fatal(char const*, int, char const*)+0x54
V  [libjvm.so+0x5e89b0]  compute_offset(int&, klassOopDesc*, Symbol*, Symbol*, bool) [clone .constprop.121]+0xc0
V  [libjvm.so+0x5e8a86]  java_lang_String::compute_offsets()+0x36
V  [libjvm.so+0x8ce24c]  SystemDictionary::initialize_preloaded_classes(Thread*)+0xcc
V  [libjvm.so+0x919b38]  Universe::genesis(Thread*)+0x468
V  [libjvm.so+0x91a144]  universe2_init()+0x24
V  [libjvm.so+0x59cf6a]  init_globals()+0x9a
V  [libjvm.so+0x8fcf1f]  Threads::create_vm(JavaVMInitArgs*, bool*)+0x35f
V  [libjvm.so+0x608284]  JNI_CreateJavaVM+0x54
C  [libjli.so+0x2b48]Stack: [0x00007f3513a8a000,0x00007f3513b8b000],  sp=0x00007f3513b89900,  free space=1022k
Native frames: (J=compiled Java code, j=interpreted, Vv=VM code, C=native code)
V  [libjvm.so+0x948635]  VMError::report_and_die()+0x175
V  [libjvm.so+0x48b874]  report_fatal(char const*, int, char const*)+0x54
V  [libjvm.so+0x5e89b0]  compute_offset(int&, klassOopDesc*, Symbol*, Symbol*, bool) [clone .constprop.121]+0xc0
V  [libjvm.so+0x5e8a86]  java_lang_String::compute_offsets()+0x36
V  [libjvm.so+0x8ce24c]  SystemDictionary::initialize_preloaded_classes(Thread*)+0xcc
V  [libjvm.so+0x919b38]  Universe::genesis(Thread*)+0x468
V  [libjvm.so+0x91a144]  universe2_init()+0x24
V  [libjvm.so+0x59cf6a]  init_globals()+0x9a
V  [libjvm.so+0x8fcf1f]  Threads::create_vm(JavaVMInitArgs*, bool*)+0x35f
V  [libjvm.so+0x608284]  JNI_CreateJavaVM+0x54
C  [libjli.so+0x2b48]: [0x00007f3513a8a000,0x00007f3513b8b000],  sp=0x00007f3513b89900,  free space=1022k
Native frames: (J=compiled Java code, j=interpreted, Vv=VM code, C=native code)
V  [libjvm.so+0x948635]  VMError::report_and_die()+0x175
V  [libjvm.so+0x48b874]  report_fatal(char const*, int, char const*)+0x54
V  [libjvm.so+0x5e89b0]  compute_offset(int&, klassOopDesc*, Symbol*, Symbol*, bool) [clone .constprop.121]+0xc0
V  [libjvm.so+0x5e8a86]  java_lang_String::compute_offsets()+0x36
V  [libjvm.so+0x8ce24c]  SystemDictionary::initialize_preloaded_classes(Thread*)+0xcc
V  [libjvm.so+0x919b38]  Universe::genesis(Thread*)+0x468
V  [libjvm.so+0x91a144]  universe2_init()+0x24
V  [libjvm.so+0x59cf6a]  init_globals()+0x9a
V  [libjvm.so+0x8fcf1f]  Threads::create_vm(JavaVMInitArgs*, bool*)+0x35f
V  [libjvm.so+0x608284]  JNI_CreateJavaVM+0x54
C  [libjli.so+0x2b48]

processor	: 3
vendor_id	: GenuineIntel
cpu family	: 6
model		: 37
model name	: Intel(R) Core(TM) i5 CPU       M 460  @ 2.53GHz
stepping	: 5
microcode	: 0x2
cpu MHz		: 1199.000
cache size	: 3072 KB
physical id	: 0
siblings	: 4
core id		: 2
cpu cores	: 2
apicid		: 5
initial apicid	: 5
fpu		: yes
fpu_exception	: yes
cpuid level	: 11
wp		: yes
flags		: fpu vme de pse tsc msr pae mce cx8 apic sep mtrr pge mca cmov pat pse36 clflush dts acpi mmx fxsr sse sse2 ss ht tm pbe syscall nx rdtscp lm constant_tsc arch_perfmon pebs bts rep_good nopl xtopology nonstop_tsc aperfmperf pni dtes64 monitor ds_cpl vmx est tm2 ssse3 cx16 xtpr pdcm pcid sse4_1 sse4_2 popcnt lahf_lm ida arat dtherm tpr_shadow vnmi flexpriority ept vpid
bogomips	: 5054.88
clflush size	: 64
cache_alignment	: 64
address sizes	: 36 bits physical, 48 bits virtual
power management:



Memory: 4k page, physical 3843124k(1807792k free), swap 3998716k(3998716k free)

vm_info: OpenJDK 64-Bit Server VM (24.65-b04) for linux-amd64 JRE (1.7.0_65-b32), built on Aug 23 2014 13:33:31 by "buildd" with gcc 4.8.2

time: Sat Sep 27 16:51:54 2014
elapsed time: 0 seconds

